c:\users\grace\source\repos\visualizing-scalar-fields\learnply\debug\vc142.pdb
c:\users\grace\source\repos\visualizing-scalar-fields\learnply\debug\vc142.idb
c:\users\grace\source\repos\visualizing-scalar-fields\learnply\debug\vectorfieldtopology.obj
c:\users\grace\source\repos\visualizing-scalar-fields\learnply\debug\trackball.obj
c:\users\grace\source\repos\visualizing-scalar-fields\learnply\debug\tmatrix.obj
c:\users\grace\source\repos\visualizing-scalar-fields\learnply\debug\project2.obj
c:\users\grace\source\repos\visualizing-scalar-fields\learnply\debug\project1.obj
c:\users\grace\source\repos\visualizing-scalar-fields\learnply\debug\polyline.obj
c:\users\grace\source\repos\visualizing-scalar-fields\learnply\debug\polyhedron.obj
c:\users\grace\source\repos\visualizing-scalar-fields\learnply\debug\ply.obj
c:\users\grace\source\repos\visualizing-scalar-fields\learnply\debug\learnply.obj
c:\users\grace\source\repos\visualizing-scalar-fields\learnply\debug\ibfv.obj
c:\users\grace\source\repos\visualizing-scalar-fields\learnply\debug\ppm.obj
c:\users\grace\desktop\honors thesis\debug\vc142.pdb
c:\users\grace\desktop\honors thesis\debug\vc142.idb
c:\users\grace\desktop\honors thesis\debug\vectorfieldtopology.obj
c:\users\grace\desktop\honors thesis\debug\trackball.obj
c:\users\grace\desktop\honors thesis\debug\tmatrix.obj
c:\users\grace\desktop\honors thesis\debug\project2.obj
c:\users\grace\desktop\honors thesis\debug\project1.obj
c:\users\grace\desktop\honors thesis\debug\polyline.obj
c:\users\grace\desktop\honors thesis\debug\polyhedron.obj
c:\users\grace\desktop\honors thesis\debug\ply.obj
c:\users\grace\desktop\honors thesis\debug\learnply.obj
c:\users\grace\desktop\honors thesis\debug\ibfv.obj
c:\users\grace\source\repos\visualizing-scalar-fields\learnply\debug\learnply.exe
c:\users\grace\source\repos\visualizing-scalar-fields\learnply\debug\learnply.pdb
c:\users\grace\desktop\honors thesis\debug\ppm.obj
c:\users\grace\desktop\honors thesis\debug\learnply.pdb
c:\users\grace\desktop\honors thesis\debug\..\debug\learnply.pdb
c:\users\grace\desktop\honors thesis\debug\learnply.exe
c:\users\grace\desktop\honors thesis\debug\learnply.tlog\cl.command.1.tlog
c:\users\grace\desktop\honors thesis\debug\learnply.tlog\cl.read.1.tlog
c:\users\grace\desktop\honors thesis\debug\learnply.tlog\cl.write.1.tlog
c:\users\grace\desktop\honors thesis\debug\learnply.tlog\link.command.1.tlog
c:\users\grace\desktop\honors thesis\debug\learnply.tlog\link.read.1.tlog
c:\users\grace\desktop\honors thesis\debug\learnply.tlog\link.write.1.tlog
